<?xml version="1.0" encoding="UTF-8"?>
<testng-results ignored="0" total="1" passed="1" failed="0" skipped="0">
  <reporter-output>
    <line>
      <![CDATA[TEst executed]]>
    </line>
  </reporter-output>
  <suite started-at="2021-02-16T21:42:32 IST" name="Suite" finished-at="2021-02-16T21:42:39 IST" duration-ms="6824">
    <groups>
    </groups>
    <test started-at="2021-02-16T21:42:32 IST" name="Test" finished-at="2021-02-16T21:42:39 IST" duration-ms="6824">
      <class name="com.cts.trng.jenkins.Test1">
        <test-method is-config="true" signature="beforeClass()[pri:0, instance:com.cts.trng.jenkins.Test1@48fa0f47]" started-at="2021-02-16T21:42:32 IST" name="beforeClass" finished-at="2021-02-16T21:42:37 IST" duration-ms="4542" status="PASS">
          <reporter-output>
          </reporter-output>
        </test-method> <!-- beforeClass -->
        <test-method signature="testSuccess()[pri:0, instance:com.cts.trng.jenkins.Test1@48fa0f47]" started-at="2021-02-16T21:42:37 IST" name="testSuccess" finished-at="2021-02-16T21:42:38 IST" duration-ms="1478" status="PASS">
          <reporter-output>
            <line>
              <![CDATA[TEst executed]]>
            </line>
          </reporter-output>
        </test-method> <!-- testSuccess -->
        <test-method is-config="true" signature="afterClass()[pri:0, instance:com.cts.trng.jenkins.Test1@48fa0f47]" started-at="2021-02-16T21:42:38 IST" name="afterClass" finished-at="2021-02-16T21:42:39 IST" duration-ms="742" status="PASS">
          <reporter-output>
          </reporter-output>
        </test-method> <!-- afterClass -->
      </class> <!-- com.cts.trng.jenkins.Test1 -->
    </test> <!-- Test -->
  </suite> <!-- Suite -->
</testng-results>
